1
2
4
5
7
8
9
12
14
18
22
24
28
30
35
33
42
47
48
53
60
58
57
64
62
65
67
77
80
73
75
83
96
95
90
92
91
103
97
98
111
108
117
116
114
113
125
124
140
144
136
135
153
155
157
158
146
147
176
175
173
167
165
185
186
191
192
190
180
178
201
204
203
198
200
193
222
223
224
217
213
215
216
238
235
231
227
225
256
250
247
246
244
242
276
277
284
283
288
258
263
265
272
308
312
311
313
316
320
290
293
295
302
303
342
341
339
349
328
323
321
322
335
336
331
374
375
372
371
380
357
354
365
367
364
411
412
415
413
414
403
407
408
396
395
393
400
398
397
386
385
392
391
389
443
446
436
440
425
430
431
418
420
421
480
477
478
473
474
463
462
460
457
454
450
449
509
512
507
508
501
498
496
488
487
482
551
547
559
557
558
555
556
553
568
562
576
572
519
513
515
526
534
536
535
529
542
537
540
539
611
617
626
629
634
639
578
579
581
583
589
592
593
595
598
600
599
602
601
603
608
688
687
684
683
681
679
703
704
701
653
656
655
652
645
647
641
644
643
666
668
662
663
657
658
660
748
746
752
750
742
761
762
756
759
760
714
713
715
706
710
733
727
728
822
823
807
814
815
816
810
792
791
790
788
776
774
771
770
783
780
777
886
885
892
891
894
893
895
868
869
854
860
862
835
833
834
843
841
847
950
945
948
941
938
929
921
922
920
917
918
909
908
906
902
900
898
1018
1009
1012
1015
1002
1005
1008
994
996
989
978
971
970
975
974
963
962
961
967
966
1101
1104
1098
1093
1092
1114
1116
1110
1106
1105
1108
1136
1133
1134
1131
1127
1122
1151
1147
1145
1144
1140
1138
1137
1040
1026
1029
1032
1050
1049
1052
1054
1053
1056
1043
1045
1047
1065
1071
1072
1070
1083
1088
1223
1217
1220
1230
1226
1228
1234
1236
1246
1247
1248
1241
1243
1255
1254
1251
1263
1262
1261
1259
1257
1265
1266
1277
1276
1153
1156
1158
1159
1162
1161
1166
1168
1167
1169
1171
1173
1179
1182
1184
1188
1191
1199
1197
1201
1210
1214
1376
1361
1359
1357
1358
1351
1350
1348
1406
1402
1404
1403
1400
1394
1393
1396
1388
1383
1384
1308
1305
1312
1302
1289
1290
1284
1282
1285
1329
1336
1321
1323
1313
1315
1317
1318
1495
1494
1491
1500
1478
1484
1525
1521
1533
1535
1532
1510
1511
1518
1428
1432
1437
1415
1417
1424
1423
1422
1457
1466
1468
1469
1470
1441
1449
1452
1451
1456
1641
1647
1648
1633
1639
1637
1664
1663
1662
1651
1650
1649
1655
1654
1610
1611
1614
1601
1603
1607
1625
1628
1627
1632
1619
1622
1624
1577
1578
1576
1573
1574
1572
1600
1598
1596
1590
1587
1585
1549
1550
1551
1547
1542
1540
1566
1565
1568
1557
1554
1556
1763
1770
1776
1780
1778
1783
1782
1788
1791
1789
1730
1732
1733
1736
1735
1737
1740
1742
1744
1745
1748
1754
1755
1758
1759
1702
1700
1699
1697
1719
1717
1715
1716
1714
1728
1722
1669
1672
1671
1666
1665
1680
1679
1674
1688
1684
1694
1695
1690
1691
1692
1916
1918
1917
1920
1919
1908
1907
1909
1912
1897
1899
1901
1902
1904
1891
1893
1884
1875
1873
1880
1879
1878
1877
1867
1868
1857
1862
1851
1847
1842
1841
1843
1838
1840
1833
1835
1825
1824
1822
1820
1814
1813
1811
1803
1798
1793
1794
2036
2037
2038
2041
2047
2018
2017
2020
2019
2023
2027
2004
2007
2008
2009
2010
2015
2016
2013
2014
1991
1995
1993
1975
1970
1971
1972
1981
1982
1983
1978
1980
1957
1959
1954
1955
1965
1968
1967
1962
1961
1963
1941
1940
1951
1947
1948
1945
1928
1926
1925
1924
1923
1921
1932
1929
2201
2194
2196
2199
2188
2191
2183
2236
2234
2240
2238
2228
2225
2232
2218
2217
2222
2212
2211
2214
2269
2268
2257
2260
2251
2245
2243
2302
2300
2298
2296
2290
2288
2284
2279
2274
2071
2074
2055
2059
2060
2104
2101
2105
2111
2110
2109
2081
2082
2085
2086
2089
2096
2094
2134
2135
2129
2131
2144
2138
2140
2139
2120
2113
2121
2168
2164
2162
2176
2175
2173
2172
2150
2160
2158
2155
2442
2439
2460
2457
2464
2461
2450
2454
2473
2476
2467
2472
2491
2495
2481
2483
2484
2487
2512
2511
2508
2506
2503
2501
2500
2526
2523
2521
2516
2514
2541
2540
2534
2530
2557
2555
2550
2551
2307
2305
2315
2316
2314
2319
2320
2324
2323
2321
2326
2332
2336
2334
2341
2344
2346
2348
2352
2356
2358
2361
2367
2371
2381
2382
2380
2392
2390
2389
2388
2399
2398
2396
2405
2403
2416
2409
2410
2412
2422
2421
2424
2423
2418
2417
2420
2429
2749
2747
2748
2745
2744
2739
2736
2732
2730
2728
2725
2724
2721
2717
2719
2714
2710
2702
2701
2697
2700
2699
2694
2696
2690
2811
2815
2813
2802
2805
2796
2797
2788
2786
2791
2790
2789
2778
2779
2780
2772
2762
2754
2756
2615
2613
2609
2620
2617
2597
2598
2595
2596
2594
2607
2608
2606
2603
2604
2602
2582
2577
2592
2586
2585
2566
2561
2563
2676
2679
2678
2682
2681
2687
2685
2659
2664
2665
2666
2670
2642
2641
2649
2655
2625
2627
2630
2632
2637
2989
2986
2987
2981
2977
2980
2979
3004
2997
2999
2995
2996
2960
2957
2954
2953
2947
2976
2974
2971
2970
2967
2965
2964
2962
3050
3049
3056
3055
3044
3043
3045
3066
3067
3057
3058
3059
3060
3024
3021
3010
3016
3015
3014
3013
3034
3037
3038
3025
2853
2854
2859
2860
2872
2871
2866
2867
2877
2876
2823
2821
2822
2830
2827
2825
2840
2839
2838
2837
2835
2834
2833
2848
2846
2915
2920
2925
2927
2929
2939
2944
2943
2884
2887
2885
2886
2889
2894
2900
2901
3281
3282
3290
3270
3266
3268
3279
3273
3275
3319
3320
3318
3316
3324
3321
3322
3303
3302
3299
3298
3311
3217
3219
3220
3221
3223
3231
3201
3203
3210
3209
3212
3213
3252
3259
3258
3233
3237
3243
3241
3247
3246
3165
3162
3163
3159
3149
3151
3152
3146
3148
3142
3144
3137
3139
3140
3196
3187
3183
3184
3181
3182
3176
3174
3170
3102
3101
3092
3093
3082
3083
3086
3073
3075
3077
3078
3079
3132
3130
3136
3135
3128
3127
3114
3117
3107
3105
3524
3523
3539
3551
3547
3558
3566
3562
3571
3583
3584
3458
3468
3466
3465
3475
3474
3480
3478
3481
3482
3490
3494
3495
3497
3501
3504
3506
3509
3511
3515
3518
3403
3401
3400
3396
3393
3394
3420
3419
3414
3410
3409
3437
3439
3434
3429
3442
3443
3337
3329
3333
3356
3355
3360
3347
3345
3352
3350
3373
3364
3386
3385
3387
3392
3383
3830
3836
3834
3837
3812
3815
3820
3824
3823
3822
3793
3794
3796
3799
3807
3808
3778
3779
3781
3784
3783
3786
3785
3765
3761
3762
3775
3773
3774
3752
3746
3760
3759
3733
3734
3730
3731
3741
3742
3743
3737
3715
3728
3708
3707
3709
3699
3703
3701
3689
3690
3684
3682
3676
3678
3680
3668
3671
3657
3658
3654
3655
3656
3648
3644
3640
3638
3629
3623
3621
3619
3617
3616
3615
3611
3607
3598
3599
3593
3586
4066
4072
4073
4076
4078
4081
4082
4084
4086
4093
4096
4036
4033
4038
4043
4042
4048
4046
4049
4050
4057
4063
4005
4007
4002
4014
4015
4011
4021
4022
4024
4018
4019
4029
4030
4032
4027
4028
3976
3970
3983
4000
3995
3996
3993
3994
3951
3941
3944
3955
3916
3907
3911
3923
3926
3883
3884
3880
3875
3902
3901
3904
3903
3898
3852
3850
3846
3843
3844
3842
3868
3865
3861
3857
4403
4406
4407
4408
4412
4413
4386
4394
4372
4375
4374
4380
4381
4382
4356
4354
4359
4357
4361
4367
4365
4467
4478
4474
4475
4456
4455
4449
4451
4464
4463
4458
4436
4448
4444
4430
4428
4540
4542
4544
4529
4532
4533
4521
4524
4514
4516
4518
4507
4499
4502
4491
4495
4496
4494
4484
4485
4486
4602
4601
4598
4600
4599
4592
4585
4587
4582
4583
4578
4573
4570
4569
4564
4563
4562
4559
4556
4552
4547
4546
4129
4134
4133
4139
4137
4144
4141
4147
4146
4156
4153
4159
4160
4158
4100
4110
4109
4111
4114
4125
4128
4199
4198
4194
4208
4205
4215
4213
4210
4223
4220
4218
4162
4183
4180
4189
4191
4186
4270
4260
4257
4258
4261
4284
4286
4275
4226
4228
4230
4253
4256
4242
4243
4245
4334
4331
4330
4328
4325
4324
4348
4345
4340
4337
4301
4297
4298
4299
4300
4296
4289
4290
4313
4312
4306
4308
4884
4881
4882
4889
4870
4866
4879
4920
4913
4914
4915
4927
4921
4904
4898
4897
4899
4909
4911
4906
4945
4951
4950
4959
4931
4930
4936
4933
4940
4938
4937
4943
4978
4980
4981
4987
4961
4964
4965
4971
4976
5019
5016
5014
5013
5012
5011
5007
5008
5005
4997
4993
5054
5055
5046
5042
5044
5026
5028
5082
5086
5075
5073
5078
5077
5067
5065
5069
5058
5061
5115
5109
5112
5100
5104
5094
4615
4609
4622
4617
4627
4637
4639
4633
4634
4635
4645
4644
4643
4656
4651
4650
4660
4669
4668
4665
4677
4682
4684
4689
4690
4692
4694
4696
4697
4701
4704
4707
4706
4705
4712
4711
4714
4719
4717
4732
4729
4735
4733
4745
4748
4743
4737
4739
4768
4767
4762
4761
4764
4758
4757
4753
4756
4783
4777
4776
4773
4771
4769
4799
4797
4795
4794
4789
4786
4815
4801
4807
4826
4825
4831
4818
4817
4819
4843
4846
4835
4834
4840
4837
4860
4857
4864
4863
4862
4861
4851
4849
5497
5498
5499
5500
5493
5494
5495
5489
5488
5482
5479
5473
5468
5465
5464
5461
5459
5456
5453
5451
5450
5448
5442
5438
5439
5440
5425
5426
5432
5422
5421
5410
5409
5411
5413
5415
5404
5401
5405
5406
5394
5399
5397
5388
5385
5377
5381
5622
5624
5623
5630
5631
5626
5628
5606
5607
5603
5613
5614
5615
5611
5590
5587
5586
5600
5599
5598
5596
5594
5576
5573
5583
5579
5577
5578
5557
5560
5544
5545
5546
5551
5524
5521
5528
5527
5530
5535
5533
5508
5511
5516
5513
5514
5229
5228
5226
5218
5217
5248
5243
5244
5241
5240
5237
5235
5236
5233
5199
5196
5189
5188
5215
5210
5211
5207
5208
5201
5202
5204
5162
5161
5154
5160
5183
5184
5130
5129
5134
5122
5121
5124
5125
5128
5127
5145
5146
5147
5148
5149
5137
5139
5142
5144
5350
5348
5345
5359
5360
5358
5354
5368
5364
5361
5376
5372
5369
5315
5325
5323
5333
5336
5335
5329
5341
5338
5340
5285
5286
5291
5290
5295
5296
5303
5301
5305
5312
5311
5309
5252
5253
5254
5260
5263
5267
5274
5273
5275
5980
5984
5972
5963
5968
5967
5955
5954
5953
6015
6002
6005
6006
5993
5998
5997
5988
5987
5917
5916
5913
5914
5912
5904
5902
5897
5894
5950
5952
5945
5946
5939
5931
5926
5925
5923
6106
6088
6085
6091
6089
6090
6095
6093
6132
6134
6140
6139
6143
6116
6118
6126
6128
6040
6039
6038
6033
6047
6043
6041
6023
6024
6021
6019
6029
6030
6025
6026
6069
6072
6078
6077
6080
6076
6075
6053
6054
6056
6049
6052
6061
6057
5712
5698
5697
5702
5721
5722
5723
5724
5713
5714
5719
5738
5743
5742
5732
5731
5729
5757
5758
5748
5745
5746
5751
5750
5641
5633
5658
5660
5680
5679
5678
5677
5676
5675
5667
5666
5696
5693
5694
5692
5687
5825
5827
5829
5834
5838
5839
5846
5847
5872
5875
5874
5877
5882
5888
5887
5766
5767
5774
5770
5772
5782
5783
5777
5780
5792
5786
5785
5787
5798
5803
5804
5801
5814
5812
5823
5821
5820
5818
5817
6573
6575
6561
6564
6586
6588
6592
6577
6584
6556
6558
6546
6550
6633
6635
6636
6629
6631
6626
6627
6628
6645
6643
6607
6604
6624
6619
6617
6609
6434
6433
6441
6443
6446
6451
6456
6458
6459
6462
6464
6408
6406
6412
6409
6416
6413
6419
6420
6417
6426
6431
6429
6509
6505
6508
6507
6517
6519
6520
6513
6514
6516
6526
6522
6468
6465
6480
6477
6476
6487
6483
6482
6493
6494
6329
6335
6322
6297
6300
6299
6302
6301
6292
6295
6281
6282
6283
6286
6287
6288
6273
6274
6277
6400
6395
6390
6385
6383
6382
6380
6378
6374
6368
6364
6358
6359
6350
6351
6341
6338
6195
6193
6194
6199
6200
6201
6205
6206
6184
6188
6186
6191
6162
6164
6165
6170
6171
6145
6147
6149
6159
6263
6261
6262
6259
6260
6271
6272
6247
6254
6252
6227
6228
6237
6239
6233
6234
6213
6222
6224
6218
7056
7051
7052
7049
7050
7044
7066
7062
7059
7087
7088
7081
7083
7079
7102
7101
7104
7098
7100
7094
7089
7113
7119
7118
7105
7111
7112
7130
7136
7124
7123
7122
7128
7127
7126
7146
7148
7149
7150
7142
7162
7161
6920
6919
6913
6925
6931
6929
6943
6941
6942
6939
6965
6968
6961
6973
6976
6969
6972
6980
6979
6977
6984
6983
6981
6986
6989
7000
6997
7007
7016
7018
7017
7025
7027
7029
7030
7031
7032
7037
6814
6812
6806
6805
6803
6797
6799
6793
6794
6795
6796
6791
6786
6787
6844
6836
6823
6824
6819
6817
6876
6877
6880
6865
6869
6872
6857
6858
6862
6863
6864
6851
6852
6907
6900
6898
6902
6890
6895
6896
6894
6886
6677
6673
6675
6685
6682
6661
6663
6659
6672
6668
6711
6712
6705
6695
6704
6700
6699
6737
6739
6740
6741
6748
6750
6726
6725
6729
6732
6734
6772
6780
6783
6759
7654
7662
7658
7670
7671
7665
7677
7676
7624
7622
7619
7620
7618
7631
7629
7628
7625
7626
7633
7645
7643
7587
7592
7593
7611
7613
7559
7560
7557
7562
7568
7570
7576
7575
7580
7579
7533
7535
7529
7531
7521
7552
7545
7546
7541
7542
7544
7501
7496
7494
7489
7519
7516
7506
7465
7472
7459
7462
7464
7463
7484
7479
7436
7427
7426
7455
7453
7444
7445
7416
7415
7413
7412
7411
7409
7424
7421
7405
7406
7404
7402
7382
7381
7377
7380
7388
7368
7362
7373
7375
7348
7347
7346
7345
7352
7329
7330
7333
7342
7314
7313
7317
7321
7326
7328
7297
7299
7303
7305
7309
7296
7291
7288
7286
7284
7271
7267
7266
7264
7257
7255
7249
7251
7246
7238
7240
7239
7228
7225
7226
7229
7223
7224
7222
7212
7209
7214
7204
7208
7206
7195
7200
7185
7189
7190
7192
7177
7179
7182
7181
7170
7176
8131
8129
8130
8137
8143
8144
8142
8148
8151
8154
8158
8163
8167
8171
8175
8180
8185
8190
8189
8072
8069
8067
8068
8065
8075
8073
8085
8083
8082
8096
8092
8089
8099
8100
8110
8107
8115
8125
8124
8123
8011
8002
8006
8025
8030
8019
8020
8017
8023
8024
8021
8041
8044
8045
8035
8037
8060
8061
8062
8063
8064
8051
8053
8054
8056
7952
7946
7941
7939
7967
7968
7963
7964
7959
7960
7955
7953
7983
7978
7993
7994
7989
7990
7985
7890
7894
7896
7895
7899
7874
7875
7876
7882
7884
7886
7888
7928
7927
7925
7930
7929
7934
7907
7908
7905
7911
7915
7916
7830
7832
7831
7840
7815
7809
7810
7811
7812
7821
7820
7864
7863
7857
7871
7868
7867
7866
7847
7848
7855
7856
7853
7854
7850
7770
7774
7767
7748
7747
7751
7801
7805
7795
7793
7786
7785
7792
7780
7778
7783
7710
7711
7706
7708
7701
7694
7696
7689
7685
7681
7683
7744
7741
7738
7735
7736
7733
7731
7729
7720
7716
7715
8804
8806
8808
8810
8811
8813
8818
8817
8820
8822
8821
8827
8830
8829
8771
8778
8781
8788
8786
8791
8798
8797
8739
8749
8745
8760
8753
8756
8768
8767
8761
8712
8709
8710
8715
8713
8714
8726
8723
8940
8939
8944
8943
8933
8955
8957
8960
8908
8906
8905
8897
8903
8901
8923
8926
8915
8914
8918
8877
8873
8872
8867
8895
8890
8885
8887
8888
8848
8846
8842
8841
8840
8838
8837
8836
8834
8863
8859
8855
8853
9074
9078
9077
9087
9085
9060
9062
9067
9066
9071
9070
9041
9043
9050
9053
9055
9030
9031
9033
9036
9038
9039
9022
9019
8999
8998
8995
8994
9007
9003
8982
8977
8992
8985
8987
8965
8967
8961
8962
8963
8964
8976
8970
9211
9216
9204
9205
9193
9199
9197
9188
9187
9186
9190
9178
9175
9161
9163
9154
9153
9137
9138
9136
9130
9126
9109
9111
9112
9103
9099
8259
8271
8272
8270
8278
8277
8275
8287
8284
8282
8293
8294
8291
8292
8301
8302
8303
8297
8299
8310
8311
8317
8320
8315
8198
8201
8208
8205
8210
8218
8223
8221
8226
8228
8240
8246
8245
8247
8256
8255
8396
8395
8393
8391
8388
8416
8411
8405
8403
8401
8432
8431
8447
8444
8434
8329
8333
8328
8325
8347
8352
8349
8340
8337
8338
8344
8361
8364
8366
8365
8356
8355
8379
8380
8383
8384
8370
8371
8374
8375
8530
8542
8520
8514
8526
8521
8522
8524
8567
8576
8572
8570
8552
8549
8548
8554
8465
8468
8474
8476
8477
8451
8457
8458
8460
8461
8462
8497
8503
8502
8501
8511
8509
8483
8482
8488
8490
8494
8671
8672
8666
8667
8661
8663
8664
8659
8660
8653
8646
8648
8647
8642
8644
8701
8694
8691
8692
8686
8674
8601
8605
8607
8593
8595
8597
8600
8586
8591
8583
8637
8625
8629
8620
8619
8624
8611
8615
8614
9774
9776
9765
9767
9768
9763
9790
9789
9792
9791
9786
9785
9788
9787
9784
9779
9744
9742
9740
9735
9731
9729
9755
9745
9833
9835
9831
9832
9852
9845
9802
9808
9806
9796
9794
9799
9822
9810
9815
9896
9898
9900
9913
9914
9863
9870
9866
9877
9878
9887
9888
9883
9881
9954
9953
9957
9966
9971
9973
9975
9980
9982
9984
9922
9921
9928
9926
9936
9934
9940
9937
9938
9944
9941
9948
9946
9993
9995
9996
9989
9987
9227
9226
9220
9217
9242
9241
9247
9245
9239
9237
9261
9264
9249
9250
9275
9279
9272
9295
9296
9283
9312
9309
9304
9326
9321
9319
9320
9314
9316
9344
9340
9330
9348
9347
9345
9350
9349
9361
9367
9368
9371
9370
9375
9374
9379
9396
9399
9402
9405
9406
9407
9408
9415
9413
9411
9410
9421
9417
9430
9428
9440
9437
9438
9436
9434
9442
9441
9443
9456
9455
9462
9458
9460
9471
9468
9503
9496
9482
9487
9488
9473
9476
9531
9529
9536
9535
9524
9521
9528
9517
9518
9561
9558
9546
9541
9599
9596
9594
9591
9586
9583
9580
9578
9574
9570
9620
9625
9605
9653
9654
9659
9657
9658
9635
9639
9642
9641
9647
9686
9684
9696
9689
9670
9672
9676
9720
9718
9715
9727
9723
9724
9721
9704
9708
9706
162
174
188
252
309
338
346
423
494
528
677
678
694
797
799
958
1048
1063
1094
1107
1272
1294
1300
1316
1322
1352
1363
1370
1375
1420
9328
1513
1599
1747
1816
1994
8112
2246
2282
2366
2385
2489
2490
2538
2675
2751
2862
2868
2924
2942
3022
3029
3080
3167
3175
3188
3199
5396
3242
3255
3336
3446
3489
3572
3630
3646
3653
3667
3710
3821
3853
3968
4034
4052
4102
4107
4161
4336
4462
4647
4654
4681
4806
4859
4875
4892
4999
5071
5081
5087
5097
5170
7721
5247
5251
5281
5282
5391
5434
5608
5625
5755
5793
5797
5831
5869
5908
5969
6004
6063
6104
6133
6185
6320
6355
6404
6418
6422
6488
6755
6883
6899
6915
8430
6962
7048
7069
7135
7171
7306
7337
7343
7440
7635
7636
7664
7679
7709
7727
7739
7878
7935
7973
8034
8120
8172
8176
8207
8224
8300
8321
8336
8390
8544
8725
8762
8802
8864
8899
8902
9008
9057
9088
9195
9225
9231
9289
9300
9322
9323
9355
9527
9581
9624
9638
9722
9772
9778
9824
9843
9857
9961
9968
