87.0
903
2311
265
2569
3466
1675
2700
13
1807
1938
3218
1555
3092
3861
534
1305
668
1438
2847
3487
288
1184
163
2725
2215
1704
2344
2472
2603
2992
3248
1460
1589
3637
3893
1977
3385
2492
1725
1854
1344
707
1092
1604
2373
3781
70
838
1222
2253
974
3921
1492
3285
87
2647
3417
858
476
349
1885
2909
3677
1374
3039
1249
3810
2793
234
619
2924
2158
751
1135
3567
1777
3057
371
2165
2807
764
1021
2045
510
2558
2431
3712
